<?xml version="1.0" encoding="UTF-8"?>
<testsuites name="Waste_Permits_Smoke_Tests_Release_1_0" time="28" tests="2" failures="0" errors="0">
   <testsuite name="Waste_Permits_Smoke_Tests_Release_1_0" tests="2" failures="0" errors="0" time="28" timestamp="2018-04-30 12:51:01" hostname="abendre - ip-172-27-246-9.eu-west-1.compute.internal" id="Test Suites/Smoke/Waste_Permits_Smoke_Tests_Release_1_0">
      <properties>
         <property name="deviceName" value=""/>
         <property name="devicePlatform" value=""/>
         <property name="logFolder" value="C:\\Git\\katalon_automation_test_demo\\Reports\\Smoke\\Waste_Permits_Smoke_Tests_Release_1_0\\20180430_125059"/>
         <property name="logFiles" value="C:\\Git\\katalon_automation_test_demo\\Reports\\Smoke\\Waste_Permits_Smoke_Tests_Release_1_0\\20180430_125059\\execution0.log"/>
         <property name="attachments" value=""/>
         <property name="hostName" value="abendre - ip-172-27-246-9.eu-west-1.compute.internal"/>
         <property name="os" value="Windows 10 64bit"/>
         <property name="katalonVersion" value="5.4.1.1"/>
         <property name="browser" value="Chrome 65.0.3325.181"/>
         <property name="hostAddress" value="172.27.246.9"/>
         <property name="sessionId" value="362de3a73ff182efbb3560da7e2ec7b0"/>
         <property name="seleniumVersion" value="3.7.1"/>
         <property name="proxyInformation" value="ProxyInformation{proxyOption=NO_PROXY, proxyServerType=HTTP, password=, proxyServerAddress=, proxyServerPort=0}"/>
         <property name="platform" value="Windows 10"/>
      </properties>
      <testcase name="Test Cases/Smoke/WE918_Create_New_Application" classname="Test Cases/Smoke/WE918_Create_New_Application" status="PASSED">
         <system-out><![CDATA[2018-04-30 12:51:02 - [TEST_CASE][PASSED] - Test Cases/Smoke/WE918_Create_New_Application: Test Cases/Smoke/WE918_Create_New_Application

2018-04-30 12:51:02 - [TEST_STEP][PASSED] - Start listener action : sampleBeforeTestCase: Browser is opened with url: 'null'

2018-04-30 12:51:02 - [TEST_STEP][PASSED] - Statement - println(testCaseContext.getTestCaseId()): null

2018-04-30 12:51:02 - [TEST_STEP][PASSED] - Statement - println(testCaseContext.getTestCaseVariables()): null

2018-04-30 12:51:02 - [TEST_STEP][PASSED] - openBrowser: Browser is opened with url: 'null'

2018-04-30 12:51:05 - [MESSAGE][PASSED] - Browser is opened with url: 'null'

2018-04-30 12:51:05 - [TEST_STEP][PASSED] - openBrowser: Browser is opened with url: ''

2018-04-30 12:51:05 - [MESSAGE][WARNING] - A browser is already opened. Closing browser and opening a new one

2018-04-30 12:51:08 - [MESSAGE][PASSED] - Browser is opened with url: ''

2018-04-30 12:51:08 - [TEST_STEP][PASSED] - navigateToUrl: Navigate to 'https://wpt-tst.aws.defra.cloud/start/start-or-open-saved' successfully

2018-04-30 12:51:09 - [MESSAGE][PASSED] - Navigate to 'https://wpt-tst.aws.defra.cloud/start/start-or-open-saved' successfully

2018-04-30 12:51:09 - [TEST_STEP][PASSED] - click: Object: 'Object Repository/FrontEnd/Page_Apply for a standard rules env/Radio_Start a new application' is clicked on

2018-04-30 12:51:09 - [MESSAGE][PASSED] - Object: 'Object Repository/FrontEnd/Page_Apply for a standard rules env/Radio_Start a new application' is clicked on

2018-04-30 12:51:09 - [TEST_STEP][PASSED] - click: Object: 'Object Repository/FrontEnd/Page_Apply for a standard rules env/button_Continue' is clicked on

2018-04-30 12:51:20 - [MESSAGE][PASSED] - Object: 'Object Repository/FrontEnd/Page_Apply for a standard rules env/button_Continue' is clicked on

2018-04-30 12:51:20 - [TEST_STEP][PASSED] - closeBrowser: Browser is closed

2018-04-30 12:51:20 - [MESSAGE][PASSED] - Browser is closed

2018-04-30 12:51:20 - [TEST_STEP][PASSED] - Start listener action : sampleAfterTestCase: Browser is closed

2018-04-30 12:51:20 - [TEST_STEP][PASSED] - Statement - println(testCaseContext.getTestCaseId()): null

2018-04-30 12:51:20 - [TEST_STEP][PASSED] - Statement - println(testCaseContext.getTestCaseStatus()): null

2018-04-30 12:51:20 - [TEST_STEP][PASSED] - closeBrowser: Browser is closed

2018-04-30 12:51:20 - [MESSAGE][PASSED] - Browser is closed]]></system-out>
         <system-err><![CDATA[]]></system-err>
      </testcase>
      <testcase name="Test Cases/Smoke/WE900_Login_CRM" classname="Test Cases/Smoke/WE900_Login_CRM" status="PASSED">
         <system-out><![CDATA[2018-04-30 12:51:20 - [TEST_CASE][PASSED] - Test Cases/Smoke/WE900_Login_CRM: Test Cases/Smoke/WE900_Login_CRM

2018-04-30 12:51:20 - [TEST_STEP][PASSED] - Start listener action : sampleBeforeTestCase: Browser is opened with url: 'null'

2018-04-30 12:51:20 - [TEST_STEP][PASSED] - Statement - println(testCaseContext.getTestCaseId()): null

2018-04-30 12:51:20 - [TEST_STEP][PASSED] - Statement - println(testCaseContext.getTestCaseVariables()): null

2018-04-30 12:51:20 - [TEST_STEP][PASSED] - openBrowser: Browser is opened with url: 'null'

2018-04-30 12:51:22 - [MESSAGE][PASSED] - Browser is opened with url: 'null'

2018-04-30 12:51:23 - [TEST_STEP][PASSED] - navigateToUrl: Navigate to 'https://ag-ea-lp-qa-master.crm4.dynamics.com' successfully

2018-04-30 12:51:24 - [MESSAGE][PASSED] - Navigate to 'https://ag-ea-lp-qa-master.crm4.dynamics.com' successfully

2018-04-30 12:51:24 - [TEST_STEP][PASSED] - waitForElementVisible: Object 'Object Repository/BackEndCRM/input_loginfmt' is visible

2018-04-30 12:51:24 - [MESSAGE][WARNING] - Timeout '0' is invalid. Using default page load timeout: '30'

2018-04-30 12:51:25 - [MESSAGE][PASSED] - Object 'Object Repository/BackEndCRM/input_loginfmt' is visible

2018-04-30 12:51:25 - [TEST_STEP][PASSED] - setText: Text 'wastetest1@defradev.onmicrosoft.com' is set on object 'Object Repository/BackEndCRM/input_loginfmt'

2018-04-30 12:51:25 - [MESSAGE][PASSED] - Text 'wastetest1@defradev.onmicrosoft.com' is set on object 'Object Repository/BackEndCRM/input_loginfmt'

2018-04-30 12:51:25 - [TEST_STEP][PASSED] - click: Object: 'Object Repository/BackEndCRM/input_idSIButton9' is clicked on

2018-04-30 12:51:25 - [MESSAGE][PASSED] - Object: 'Object Repository/BackEndCRM/input_idSIButton9' is clicked on

2018-04-30 12:51:25 - [TEST_STEP][PASSED] - sendKeys: Keys '' sent to object: 'Object Repository/BackEndCRM/input_passwd'

2018-04-30 12:51:26 - [MESSAGE][PASSED] - Keys '' sent to object: 'Object Repository/BackEndCRM/input_passwd'

2018-04-30 12:51:26 - [TEST_STEP][PASSED] - setText: Text 'W@stePermits1' is set on object 'Object Repository/BackEndCRM/input_passwd'

2018-04-30 12:51:27 - [MESSAGE][PASSED] - Text 'W@stePermits1' is set on object 'Object Repository/BackEndCRM/input_passwd'

2018-04-30 12:51:27 - [TEST_STEP][PASSED] - click: Object: 'Object Repository/BackEndCRM/input_idSIButton9' is clicked on

2018-04-30 12:51:27 - [MESSAGE][PASSED] - Object: 'Object Repository/BackEndCRM/input_idSIButton9' is clicked on

2018-04-30 12:51:27 - [TEST_STEP][PASSED] - click: Object: 'Object Repository/BackEndCRM/input_idBtn_Back' is clicked on

2018-04-30 12:51:28 - [MESSAGE][PASSED] - Object: 'Object Repository/BackEndCRM/input_idBtn_Back' is clicked on

2018-04-30 12:51:28 - [TEST_STEP][PASSED] - Start listener action : sampleAfterTestCase: Browser is closed

2018-04-30 12:51:28 - [TEST_STEP][PASSED] - Statement - println(testCaseContext.getTestCaseId()): null

2018-04-30 12:51:28 - [TEST_STEP][PASSED] - Statement - println(testCaseContext.getTestCaseStatus()): null

2018-04-30 12:51:28 - [TEST_STEP][PASSED] - closeBrowser: Browser is closed

2018-04-30 12:51:29 - [MESSAGE][PASSED] - Browser is closed]]></system-out>
         <system-err><![CDATA[]]></system-err>
      </testcase>
      <system-out><![CDATA[2018-04-30 12:51:01 - [TEST_SUITE][PASSED] - Waste_Permits_Smoke_Tests_Release_1_0: Test Cases/Smoke/WE900_Login_CRM]]></system-out>
      <system-err><![CDATA[]]></system-err>
   </testsuite>
</testsuites>
